<?xml version="1.0" encoding="UTF-8"?>
<!-- Generated by org.testng.reporters.JUnitReportReporter -->
<testsuite hostname="DESKTOP-LD4BKPU" failures="0" tests="1" name="RestfulHeaders.OverWriteHeaderValue" time="1.277" errors="0" timestamp="2024-09-15T10:07:08 CDT" skipped="0">
  <testcase classname="RestfulHeaders.OverWriteHeaderValue" name="OverWriteHeader" time="1.277"/>
</testsuite> <!-- RestfulHeaders.OverWriteHeaderValue -->
