<?xml version="1.0" encoding="UTF-8"?>
<!-- Generated by org.testng.reporters.JUnitReportReporter -->
<testsuite hostname="DESKTOP-LD4BKPU" failures="0" tests="1" name="RestfulHeaders.RealTimeHeaderOverWrite" time="1.493" errors="0" timestamp="2024-09-15T10:34:56 CDT" skipped="0">
  <testcase classname="RestfulHeaders.RealTimeHeaderOverWrite" name="realTimeHeaderOverwrite" time="1.493"/>
</testsuite> <!-- RestfulHeaders.RealTimeHeaderOverWrite -->
