<?xml version="1.0" encoding="UTF-8"?>
<!-- Generated by org.testng.reporters.JUnitReportReporter -->
<testsuite hostname="DESKTOP-LD4BKPU" failures="0" tests="1" name="RestfulJsonPathExamples.JsonPathExamples" time="1.183" errors="0" timestamp="2024-09-15T13:11:41 CDT" skipped="0">
  <testcase classname="RestfulJsonPathExamples.JsonPathExamples" name="jsonPathDemo1" time="1.183"/>
</testsuite> <!-- RestfulJsonPathExamples.JsonPathExamples -->
