<?xml version="1.0" encoding="UTF-8"?>
<!-- Generated by org.testng.reporters.JUnitReportReporter -->
<testsuite hostname="DESKTOP-LD4BKPU" failures="0" tests="1" name="RestfulHeaders.OverRideHeaderValue" time="1.272" errors="0" timestamp="2024-09-15T09:47:14 CDT" skipped="0">
  <testcase classname="RestfulHeaders.OverRideHeaderValue" name="defaultBehaviour" time="1.272"/>
</testsuite> <!-- RestfulHeaders.OverRideHeaderValue -->
