<?xml version="1.0" encoding="UTF-8"?>
<!-- Generated by org.testng.reporters.JUnitReportReporter -->
<testsuite hostname="DESKTOP-LD4BKPU" failures="0" tests="2" name="RestfulRequestResponseSpecification.MultipleBookings" time="1.571" errors="0" timestamp="2024-08-26T15:49:40 CDT" skipped="0">
  <testcase classname="RestfulRequestResponseSpecification.MultipleBookings" name="updateBooking" time="0.304"/>
  <testcase classname="RestfulRequestResponseSpecification.MultipleBookings" name="createBooking1" time="1.267"/>
</testsuite> <!-- RestfulRequestResponseSpecification.MultipleBookings -->
