<?xml version="1.0" encoding="UTF-8"?>
<!-- Generated by org.testng.reporters.JUnitReportReporter -->
<testsuite hostname="DESKTOP-LD4BKPU" failures="0" tests="1" name="RestfulRequestResponseSpecification.RequestResponseSpec" time="1.255" errors="0" timestamp="2024-08-31T11:53:48 CDT" skipped="0">
  <testcase classname="RestfulRequestResponseSpecification.RequestResponseSpec" name="createBooking" time="1.255"/>
</testsuite> <!-- RestfulRequestResponseSpecification.RequestResponseSpec -->
