<?xml version="1.0" encoding="UTF-8"?>
<!-- Generated by org.testng.reporters.JUnitReportReporter -->
<testsuite hostname="DESKTOP-LD4BKPU" failures="0" tests="2" name="DefaultValuesInRestAssured.DefaultValue1" time="1.686" errors="0" timestamp="2024-09-13T11:10:13 CDT" skipped="0">
  <testcase classname="DefaultValuesInRestAssured.DefaultValue1" name="createBooking1" time="1.404"/>
  <testcase classname="DefaultValuesInRestAssured.DefaultValue1" name="createBooking2" time="0.282"/>
</testsuite> <!-- DefaultValuesInRestAssured.DefaultValue1 -->
