<?xml version="1.0" encoding="UTF-8"?>
<!-- Generated by org.testng.reporters.JUnitReportReporter -->
<testsuite hostname="DESKTOP-LD4BKPU" failures="0" tests="1" name="RestfulHeaders.HeadersExamples" time="1.319" errors="0" timestamp="2024-09-13T12:07:12 CDT" skipped="0">
  <testcase classname="RestfulHeaders.HeadersExamples" name="HeaderAsAclass" time="1.319"/>
</testsuite> <!-- RestfulHeaders.HeadersExamples -->
