<?xml version="1.0" encoding="UTF-8"?>
<!-- Generated by org.testng.reporters.JUnitReportReporter -->
<testsuite hostname="DESKTOP-LD4BKPU" failures="0" tests="1" name="RestfulRequestResponseSpecification.ResponseSpecification" time="2.064" errors="0" timestamp="2024-08-26T14:42:37 CDT" skipped="0">
  <testcase classname="RestfulRequestResponseSpecification.ResponseSpecification" name="createBooking1" time="2.064"/>
</testsuite> <!-- RestfulRequestResponseSpecification.ResponseSpecification -->
