<?xml version="1.0" encoding="UTF-8"?>
<!-- Generated by org.testng.reporters.JUnitReportReporter -->
<testsuite hostname="DESKTOP-LD4BKPU" failures="0" tests="1" name="RestfulRequestResponseSpecification.WithoutResponseSpecification" time="1.791" errors="0" timestamp="2024-08-31T11:54:02 CDT" skipped="0">
  <testcase classname="RestfulRequestResponseSpecification.WithoutResponseSpecification" name="createBooking1" time="1.791"/>
</testsuite> <!-- RestfulRequestResponseSpecification.WithoutResponseSpecification -->
